<?xml version="1.0" encoding="UTF-8"?>
<testsuite name="ru.netology.service.CashbackHackServiceTestNG" tests="1" skipped="0" failures="0" errors="0" timestamp="2021-12-15T08:05:35" hostname="MacBookrM1sAir2.Dlink" time="0.004">
  <properties/>
  <testcase name="shouldCalculateAdditionalSumFrom900" classname="ru.netology.service.CashbackHackServiceTestNG" time="0.004"/>
  <system-out><![CDATA[]]></system-out>
  <system-err><![CDATA[]]></system-err>
</testsuite>
